********************************************************************************
DUPLICATOR-LITE PACKAGE-LOG: 01/12/2023 17:14
NOTICE: Do NOT post to public sites or forums 
********************************************************************************
VERSION:	1.5.1
WORDPRESS:	6.1.1
PHP INFO:	8.1.9 | SAPI: cgi-fcgi
SERVER:		nginx/1.16.0 
PHP TIME LIMIT: (0) no time limit imposed 
PHP MAX MEMORY: 4294967296 (256M default) 
MEMORY STACK: 16MB

********************************************************************************
DATABASE:
********************************************************************************
BUILD MODE:   PHP(query limit - 100)
MYSQLTIMEOUT: 5000
MYSQLDUMP:    Not Supported
TABLES: total:24 | filtered:0 | create:24
FILTERED: []
SQL CREATED: 20230112_projet6gutenberg_be80b895f89898d61303_20230112171426_database.sql
SQL FILE SIZE: 4.06MB (4258251)
SQL FILE TIME: 2023-01-12 17:14:37
SQL RUNTIME: 1.08 sec.

********************************************************************************
ARCHIVE (ZIP):
********************************************************************************
ARCHIVE DIR:  C:/Users/eslei/Local Sites/projet6gutenberg/app/public
ARCHIVE FILE: 20230112_projet6gutenberg_be80b895f89898d61303_20230112171426_archive.zip
FILTERS: *OFF*
DIRS:
	not set
FILES:
	not set
EXTS:  not set
----------------------------------------
COMPRESSING
SIZE:	88.95MB
STATS:	Dirs 627 | Files 4,714
SQL ADDED: 20230112_projet6gutenberg_be80b895f89898d61303_20230112171426_database.sql
ZipArchive Object
(
    [lastId] => 5340
    [status] => 0
    [statusSys] => 0
    [numFiles] => 5341
    [filename] => C:\Users\eslei\Local Sites\projet6gutenberg\app\public\wp-content\backups-dup-lite\tmp\20230112_projet6gutenberg_be80b895f89898d61303_20230112171426_archive.zip
    [comment] => 
)

FILE ADDED TO ZIP: 5340
COMPRESSION RESULT: '1'
COMPRESSED SIZE: 31.51MB
ARCHIVE RUNTIME: 6.49 sec.
MEMORY STACK: 18MB
building installer
ARCHIVE CONSISTENCY TEST: PASS

********************************************************************************
INTEGRITY CHECKS:
********************************************************************************
SQL FILE: 4.06MB
INSTALLER FILE: 73.35KB
ARCHIVE FILE: 33.35MB 
COMPTE ATTENDU DE FICHIERS/RÉPERTOIRES : 5,341
COMPTE ACTUEL DE FICHIERS/RÉPERTOIRES : 5,340
TEST DE COHÉRENCE D’ARCHIVE : Bon

********************************************************************************
RECORD ID:[2]
TOTAL PROCESS RUNTIME: 9.01 sec.
PEAK PHP MEMORY USED: 20MB
DONE PROCESSING => 20230112_projet6gutenberg 01/12/2023 17:14

