********************************************************************************
DUPLICATOR-LITE PACKAGE-LOG: 01/12/2023 12:14
NOTICE: Do NOT post to public sites or forums 
********************************************************************************
VERSION:	1.5.1
WORDPRESS:	6.1.1
PHP INFO:	8.1.9 | SAPI: cgi-fcgi
SERVER:		nginx/1.16.0 
PHP TIME LIMIT: (0) no time limit imposed 
PHP MAX MEMORY: 4294967296 (256M default) 
MEMORY STACK: 16MB

********************************************************************************
DATABASE:
********************************************************************************
BUILD MODE:   PHP(query limit - 100)
MYSQLTIMEOUT: 5000
MYSQLDUMP:    Not Supported
TABLES: total:24 | filtered:0 | create:24
FILTERED: []
SQL CREATED: 20230112_projet6gutenberg_57ef7a834a842b8c8650_20230112121429_database.sql
SQL FILE SIZE: 3.75MB (3930223)
SQL FILE TIME: 2023-01-12 12:14:41
SQL RUNTIME: 1.38 sec.

********************************************************************************
ARCHIVE (ZIP):
********************************************************************************
ARCHIVE DIR:  C:/Users/eslei/Local Sites/projet6gutenberg/app/public
ARCHIVE FILE: 20230112_projet6gutenberg_57ef7a834a842b8c8650_20230112121429_archive.zip
FILTERS: *OFF*
DIRS:
	not set
FILES:
	not set
EXTS:  not set
----------------------------------------
COMPRESSING
SIZE:	91.22MB
STATS:	Dirs 638 | Files 4,762
SQL ADDED: 20230112_projet6gutenberg_57ef7a834a842b8c8650_20230112121429_database.sql
ZipArchive Object
(
    [lastId] => 5399
    [status] => 0
    [statusSys] => 0
    [numFiles] => 5400
    [filename] => C:\Users\eslei\Local Sites\projet6gutenberg\app\public\wp-content\backups-dup-lite\tmp\20230112_projet6gutenberg_57ef7a834a842b8c8650_20230112121429_archive.zip
    [comment] => 
)

FILE ADDED TO ZIP: 5399
COMPRESSION RESULT: '1'
COMPRESSED SIZE: 33.47MB
ARCHIVE RUNTIME: 9.68 sec.
MEMORY STACK: 18MB
building installer
ARCHIVE CONSISTENCY TEST: PASS

********************************************************************************
INTEGRITY CHECKS:
********************************************************************************
SQL FILE: 3.75MB
INSTALLER FILE: 73.35KB
ARCHIVE FILE: 35.31MB 
EXPECTED FILE/DIRECTORY COUNT: 5,400
ACTUAL FILE/DIRECTORY COUNT: 5,399
ARCHIVE CONSISTENCY TEST: Pass

********************************************************************************
RECORD ID:[1]
TOTAL PROCESS RUNTIME: 12.51 sec.
PEAK PHP MEMORY USED: 20MB
DONE PROCESSING => 20230112_projet6gutenberg 01/12/2023 12:14

