********************************************************************************
DUPLICATOR-LITE PACKAGE-LOG: 01/18/2023 17:49
NOTICE: Do NOT post to public sites or forums 
********************************************************************************
VERSION:	1.5.1
WORDPRESS:	6.1.1
PHP INFO:	8.1.9 | SAPI: cgi-fcgi
SERVER:		nginx/1.16.0 
PHP TIME LIMIT: (0) no time limit imposed 
PHP MAX MEMORY: 4294967296 (256M default) 
MEMORY STACK: 16MB

********************************************************************************
DATABASE:
********************************************************************************
BUILD MODE:   PHP(query limit - 100)
MYSQLTIMEOUT: 5000
MYSQLDUMP:    Not Supported
TABLES: total:24 | filtered:0 | create:24
FILTERED: []
SQL CREATED: 20230118_projet6gutenberg_7bbcec9b579052ac3784_20230118174917_database.sql
SQL FILE SIZE: 5.45MB (5714711)
SQL FILE TIME: 2023-01-18 17:49:29
SQL RUNTIME: 1.61 sec.

********************************************************************************
ARCHIVE (ZIP):
********************************************************************************
ARCHIVE DIR:  C:/Users/eslei/Local Sites/projet6gutenberg/app/public
ARCHIVE FILE: 20230118_projet6gutenberg_7bbcec9b579052ac3784_20230118174917_archive.zip
FILTERS: *OFF*
DIRS:
	not set
FILES:
	not set
EXTS:  not set
----------------------------------------
COMPRESSING
SIZE:	88.66MB
STATS:	Dirs 603 | Files 4,589
SQL ADDED: 20230118_projet6gutenberg_7bbcec9b579052ac3784_20230118174917_database.sql
ZipArchive Object
(
    [lastId] => 5191
    [status] => 0
    [statusSys] => 0
    [numFiles] => 5192
    [filename] => C:\Users\eslei\Local Sites\projet6gutenberg\app\public\wp-content\backups-dup-lite\tmp\20230118_projet6gutenberg_7bbcec9b579052ac3784_20230118174917_archive.zip
    [comment] => 
)

FILE ADDED TO ZIP: 5191
COMPRESSION RESULT: '1'
COMPRESSED SIZE: 31.51MB
ARCHIVE RUNTIME: 8.73 sec.
MEMORY STACK: 18MB
building installer
ARCHIVE CONSISTENCY TEST: PASS

********************************************************************************
INTEGRITY CHECKS:
********************************************************************************
SQL FILE: 5.45MB
INSTALLER FILE: 73.36KB
ARCHIVE FILE: 33.35MB 
COMPTE ATTENDU DE FICHIERS/RÉPERTOIRES : 5,192
COMPTE ACTUEL DE FICHIERS/RÉPERTOIRES : 5,191
TEST DE COHÉRENCE D’ARCHIVE : Bon

********************************************************************************
RECORD ID:[1]
TOTAL PROCESS RUNTIME: 11.77 sec.
PEAK PHP MEMORY USED: 20MB
DONE PROCESSING => 20230118_projet6gutenberg 01/18/2023 17:49

