********************************************************************************
DUPLICATOR-LITE PACKAGE-LOG: 01/27/2023 11:18
NOTICE: Do NOT post to public sites or forums 
********************************************************************************
VERSION:	1.5.2
WORDPRESS:	6.1.1
PHP INFO:	8.1.9 | SAPI: cgi-fcgi
SERVER:		nginx/1.16.0 
PHP TIME LIMIT: (0) no time limit imposed 
PHP MAX MEMORY: 4294967296 (256M default) 
MEMORY STACK: 12MB

********************************************************************************
DATABASE:
********************************************************************************
BUILD MODE:   PHP(query limit - 100)
MYSQLTIMEOUT: 5000
MYSQLDUMP:    Not Supported
TABLES: total:24 | filtered:0 | create:24
FILTERED: []
SQL CREATED: 20230118_projet6gutenberg_6361d8495e36a6133974_20230127111816_database.sql
SQL FILE SIZE: 2.84MB (2978508)
SQL FILE TIME: 2023-01-27 11:18:54
SQL RUNTIME: 1.48 sec.

********************************************************************************
ARCHIVE (ZIP):
********************************************************************************
ARCHIVE DIR:  C:/Users/eslei/Local Sites/projet6gutenberg/app/public
ARCHIVE FILE: 20230118_projet6gutenberg_6361d8495e36a6133974_20230127111816_archive.zip
FILTERS: *OFF*
DIRS:
	not set
FILES:
	not set
EXTS:  not set
----------------------------------------
COMPRESSING
SIZE:	75.85MB
STATS:	Dirs 580 | Files 4,094
SQL ADDED: 20230118_projet6gutenberg_6361d8495e36a6133974_20230127111816_database.sql
ZipArchive Object
(
    [lastId] => 4673
    [status] => 0
    [statusSys] => 0
    [numFiles] => 4674
    [filename] => C:\Users\eslei\Local Sites\projet6gutenberg\app\public\wp-content\backups-dup-lite\tmp\20230118_projet6gutenberg_6361d8495e36a6133974_20230127111816_archive.zip
    [comment] => 
)

FILE ADDED TO ZIP: 4673
COMPRESSION RESULT: '1'
COMPRESSED SIZE: 30.32MB
ARCHIVE RUNTIME: 10.37 sec.
MEMORY STACK: 14MB
building installer
ARCHIVE CONSISTENCY TEST: PASS

********************************************************************************
INTEGRITY CHECKS:
********************************************************************************
SQL FILE: 2.84MB
INSTALLER FILE: 73.35KB
ARCHIVE FILE: 32.14MB 
COMPTE ATTENDU DE FICHIERS/RÉPERTOIRES : 4,674
COMPTE ACTUEL DE FICHIERS/RÉPERTOIRES : 4,673
TEST DE COHÉRENCE D’ARCHIVE : Bon

********************************************************************************
RECORD ID:[2]
TOTAL PROCESS RUNTIME: 14.12 sec.
PEAK PHP MEMORY USED: 16MB
DONE PROCESSING => 20230118_projet6gutenberg 01/27/2023 11:19

