[02-Jan-2023 18:13:13 UTC] PHP Warning:  Undefined property: WP_Ajax_Upgrader_Skin::$api in C:\Users\eslei\Local Sites\projet6gutenberg\app\public\wp-admin\includes\class-theme-upgrader.php on line 160
[03-Jan-2023 11:51:12 UTC] WordPress database error Deadlock found when trying to get lock; try restarting transaction for query DELETE FROM `wp_options` WHERE `option_name` = '_transient_timeout_global_styles_svg_filters_boris' made by require('wp-blog-header.php'), require_once('wp-includes/template-loader.php'), include('/themes/seedlet/404.php'), get_header, locate_template, load_template, require_once('/themes/seedlet/header.php'), wp_body_open, do_action('wp_body_open'), WP_Hook->do_action, WP_Hook->apply_filters, wp_global_styles_render_svg_filters, wp_get_global_styles_svg_filters, get_transient, delete_option
[03-Jan-2023 12:15:44 UTC] PHP Warning:  filemtime(): stat failed for C:\Users\eslei\Local Sites\projet6gutenberg\app\public/wp-content/themes/boris/css/theme.css in C:\Users\eslei\Local Sites\projet6gutenberg\app\public\wp-content\themes\boris\functions.php on line 7
[03-Jan-2023 12:15:44 UTC] PHP Warning:  filemtime(): stat failed for C:\Users\eslei\Local Sites\projet6gutenberg\app\public/wp-content/themes/boris/css/theme.css in C:\Users\eslei\Local Sites\projet6gutenberg\app\public\wp-content\themes\boris\functions.php on line 7
[03-Jan-2023 12:15:45 UTC] PHP Warning:  filemtime(): stat failed for C:\Users\eslei\Local Sites\projet6gutenberg\app\public/wp-content/themes/boris/css/theme.css in C:\Users\eslei\Local Sites\projet6gutenberg\app\public\wp-content\themes\boris\functions.php on line 7
[03-Jan-2023 12:15:45 UTC] PHP Warning:  filemtime(): stat failed for C:\Users\eslei\Local Sites\projet6gutenberg\app\public/wp-content/themes/boris/css/theme.css in C:\Users\eslei\Local Sites\projet6gutenberg\app\public\wp-content\themes\boris\functions.php on line 7
[03-Jan-2023 12:15:45 UTC] PHP Warning:  filemtime(): stat failed for C:\Users\eslei\Local Sites\projet6gutenberg\app\public/wp-content/themes/boris/css/theme.css in C:\Users\eslei\Local Sites\projet6gutenberg\app\public\wp-content\themes\boris\functions.php on line 7
[03-Jan-2023 12:15:46 UTC] PHP Warning:  filemtime(): stat failed for C:\Users\eslei\Local Sites\projet6gutenberg\app\public/wp-content/themes/boris/css/theme.css in C:\Users\eslei\Local Sites\projet6gutenberg\app\public\wp-content\themes\boris\functions.php on line 7
[03-Jan-2023 12:28:39 UTC] PHP Warning:  filemtime(): stat failed for C:\Users\eslei\Local Sites\projet6gutenberg\app\public/wp-content/themes/boris/css/theme.css in C:\Users\eslei\Local Sites\projet6gutenberg\app\public\wp-content\themes\boris\functions.php on line 7
[03-Jan-2023 12:28:39 UTC] PHP Warning:  filemtime(): stat failed for C:\Users\eslei\Local Sites\projet6gutenberg\app\public/wp-content/themes/boris/css/theme.css in C:\Users\eslei\Local Sites\projet6gutenberg\app\public\wp-content\themes\boris\functions.php on line 7
[03-Jan-2023 12:29:00 UTC] PHP Warning:  filemtime(): stat failed for C:\Users\eslei\Local Sites\projet6gutenberg\app\public/wp-content/themes/boris/css/theme.css in C:\Users\eslei\Local Sites\projet6gutenberg\app\public\wp-content\themes\boris\functions.php on line 7
[03-Jan-2023 12:29:01 UTC] PHP Warning:  filemtime(): stat failed for C:\Users\eslei\Local Sites\projet6gutenberg\app\public/wp-content/themes/boris/css/theme.css in C:\Users\eslei\Local Sites\projet6gutenberg\app\public\wp-content\themes\boris\functions.php on line 7
[03-Jan-2023 12:30:16 UTC] PHP Warning:  filemtime(): stat failed for C:\Users\eslei\Local Sites\projet6gutenberg\app\public/wp-content/themes/boris/css/theme.css in C:\Users\eslei\Local Sites\projet6gutenberg\app\public\wp-content\themes\boris\functions.php on line 7
[03-Jan-2023 12:30:16 UTC] PHP Warning:  filemtime(): stat failed for C:\Users\eslei\Local Sites\projet6gutenberg\app\public/wp-content/themes/boris/css/theme.css in C:\Users\eslei\Local Sites\projet6gutenberg\app\public\wp-content\themes\boris\functions.php on line 7
[03-Jan-2023 12:32:00 UTC] PHP Warning:  filemtime(): stat failed for C:\Users\eslei\Local Sites\projet6gutenberg\app\public/wp-content/themes/boris/css/theme.css in C:\Users\eslei\Local Sites\projet6gutenberg\app\public\wp-content\themes\boris\functions.php on line 7
[03-Jan-2023 12:32:00 UTC] PHP Warning:  filemtime(): stat failed for C:\Users\eslei\Local Sites\projet6gutenberg\app\public/wp-content/themes/boris/css/theme.css in C:\Users\eslei\Local Sites\projet6gutenberg\app\public\wp-content\themes\boris\functions.php on line 7
[03-Jan-2023 12:32:40 UTC] PHP Warning:  filemtime(): stat failed for C:\Users\eslei\Local Sites\projet6gutenberg\app\public/wp-content/themes/boris/css/theme.css in C:\Users\eslei\Local Sites\projet6gutenberg\app\public\wp-content\themes\boris\functions.php on line 7
[03-Jan-2023 12:32:58 UTC] PHP Warning:  filemtime(): stat failed for C:\Users\eslei\Local Sites\projet6gutenberg\app\public/wp-content/themes/boris/css/theme.css in C:\Users\eslei\Local Sites\projet6gutenberg\app\public\wp-content\themes\boris\functions.php on line 7
[03-Jan-2023 12:33:39 UTC] PHP Warning:  filemtime(): stat failed for C:\Users\eslei\Local Sites\projet6gutenberg\app\public/wp-content/themes/boris/css/theme.css in C:\Users\eslei\Local Sites\projet6gutenberg\app\public\wp-content\themes\boris\functions.php on line 7
[03-Jan-2023 12:34:23 UTC] PHP Warning:  filemtime(): stat failed for C:\Users\eslei\Local Sites\projet6gutenberg\app\public/wp-content/themes/boris/css/theme.css in C:\Users\eslei\Local Sites\projet6gutenberg\app\public\wp-content\themes\boris\functions.php on line 7
[03-Jan-2023 12:34:39 UTC] PHP Warning:  filemtime(): stat failed for C:\Users\eslei\Local Sites\projet6gutenberg\app\public/wp-content/themes/boris/css/theme.css in C:\Users\eslei\Local Sites\projet6gutenberg\app\public\wp-content\themes\boris\functions.php on line 7
[03-Jan-2023 12:34:39 UTC] PHP Warning:  filemtime(): stat failed for C:\Users\eslei\Local Sites\projet6gutenberg\app\public/wp-content/themes/boris/css/theme.css in C:\Users\eslei\Local Sites\projet6gutenberg\app\public\wp-content\themes\boris\functions.php on line 7
[03-Jan-2023 12:34:39 UTC] PHP Warning:  filemtime(): stat failed for C:\Users\eslei\Local Sites\projet6gutenberg\app\public/wp-content/themes/boris/css/theme.css in C:\Users\eslei\Local Sites\projet6gutenberg\app\public\wp-content\themes\boris\functions.php on line 7
[03-Jan-2023 12:34:39 UTC] PHP Warning:  filemtime(): stat failed for C:\Users\eslei\Local Sites\projet6gutenberg\app\public/wp-content/themes/boris/css/theme.css in C:\Users\eslei\Local Sites\projet6gutenberg\app\public\wp-content\themes\boris\functions.php on line 7
[03-Jan-2023 12:35:34 UTC] PHP Warning:  filemtime(): stat failed for C:\Users\eslei\Local Sites\projet6gutenberg\app\public/wp-content/themes/boris/css/theme.css in C:\Users\eslei\Local Sites\projet6gutenberg\app\public\wp-content\themes\boris\functions.php on line 7
[03-Jan-2023 12:35:34 UTC] PHP Warning:  filemtime(): stat failed for C:\Users\eslei\Local Sites\projet6gutenberg\app\public/wp-content/themes/boris/css/theme.css in C:\Users\eslei\Local Sites\projet6gutenberg\app\public\wp-content\themes\boris\functions.php on line 7
[03-Jan-2023 12:35:34 UTC] PHP Warning:  filemtime(): stat failed for C:\Users\eslei\Local Sites\projet6gutenberg\app\public/wp-content/themes/boris/css/theme.css in C:\Users\eslei\Local Sites\projet6gutenberg\app\public\wp-content\themes\boris\functions.php on line 7
[03-Jan-2023 12:35:34 UTC] PHP Warning:  filemtime(): stat failed for C:\Users\eslei\Local Sites\projet6gutenberg\app\public/wp-content/themes/boris/css/theme.css in C:\Users\eslei\Local Sites\projet6gutenberg\app\public\wp-content\themes\boris\functions.php on line 7
[03-Jan-2023 12:35:34 UTC] PHP Warning:  filemtime(): stat failed for C:\Users\eslei\Local Sites\projet6gutenberg\app\public/wp-content/themes/boris/css/theme.css in C:\Users\eslei\Local Sites\projet6gutenberg\app\public\wp-content\themes\boris\functions.php on line 7
[03-Jan-2023 12:35:58 UTC] PHP Warning:  filemtime(): stat failed for C:\Users\eslei\Local Sites\projet6gutenberg\app\public/wp-content/themes/boris/css/theme.css in C:\Users\eslei\Local Sites\projet6gutenberg\app\public\wp-content\themes\boris\functions.php on line 7
[03-Jan-2023 12:35:58 UTC] PHP Warning:  filemtime(): stat failed for C:\Users\eslei\Local Sites\projet6gutenberg\app\public/wp-content/themes/boris/css/theme.css in C:\Users\eslei\Local Sites\projet6gutenberg\app\public\wp-content\themes\boris\functions.php on line 7
[03-Jan-2023 12:35:58 UTC] PHP Warning:  filemtime(): stat failed for C:\Users\eslei\Local Sites\projet6gutenberg\app\public/wp-content/themes/boris/css/theme.css in C:\Users\eslei\Local Sites\projet6gutenberg\app\public\wp-content\themes\boris\functions.php on line 7
[03-Jan-2023 12:35:58 UTC] PHP Warning:  filemtime(): stat failed for C:\Users\eslei\Local Sites\projet6gutenberg\app\public/wp-content/themes/boris/css/theme.css in C:\Users\eslei\Local Sites\projet6gutenberg\app\public\wp-content\themes\boris\functions.php on line 7
[03-Jan-2023 12:35:58 UTC] PHP Warning:  filemtime(): stat failed for C:\Users\eslei\Local Sites\projet6gutenberg\app\public/wp-content/themes/boris/css/theme.css in C:\Users\eslei\Local Sites\projet6gutenberg\app\public\wp-content\themes\boris\functions.php on line 7
[03-Jan-2023 12:39:16 UTC] PHP Warning:  filemtime(): stat failed for C:\Users\eslei\Local Sites\projet6gutenberg\app\public/wp-content/themes/boris/css/theme.css in C:\Users\eslei\Local Sites\projet6gutenberg\app\public\wp-content\themes\boris\functions.php on line 7
[03-Jan-2023 12:39:17 UTC] PHP Warning:  filemtime(): stat failed for C:\Users\eslei\Local Sites\projet6gutenberg\app\public/wp-content/themes/boris/css/theme.css in C:\Users\eslei\Local Sites\projet6gutenberg\app\public\wp-content\themes\boris\functions.php on line 7
[03-Jan-2023 12:39:17 UTC] PHP Warning:  filemtime(): stat failed for C:\Users\eslei\Local Sites\projet6gutenberg\app\public/wp-content/themes/boris/css/theme.css in C:\Users\eslei\Local Sites\projet6gutenberg\app\public\wp-content\themes\boris\functions.php on line 7
[03-Jan-2023 12:39:17 UTC] PHP Warning:  filemtime(): stat failed for C:\Users\eslei\Local Sites\projet6gutenberg\app\public/wp-content/themes/boris/css/theme.css in C:\Users\eslei\Local Sites\projet6gutenberg\app\public\wp-content\themes\boris\functions.php on line 7
[03-Jan-2023 12:39:17 UTC] PHP Warning:  filemtime(): stat failed for C:\Users\eslei\Local Sites\projet6gutenberg\app\public/wp-content/themes/boris/css/theme.css in C:\Users\eslei\Local Sites\projet6gutenberg\app\public\wp-content\themes\boris\functions.php on line 7
[03-Jan-2023 12:40:36 UTC] PHP Warning:  filemtime(): stat failed for C:\Users\eslei\Local Sites\projet6gutenberg\app\public/wp-content/themes/boris/css/theme.css in C:\Users\eslei\Local Sites\projet6gutenberg\app\public\wp-content\themes\boris\functions.php on line 7
[03-Jan-2023 12:40:46 UTC] PHP Warning:  filemtime(): stat failed for C:\Users\eslei\Local Sites\projet6gutenberg\app\public/wp-content/themes/boris/css/theme.css in C:\Users\eslei\Local Sites\projet6gutenberg\app\public\wp-content\themes\boris\functions.php on line 7
[03-Jan-2023 12:41:52 UTC] PHP Warning:  filemtime(): stat failed for C:\Users\eslei\Local Sites\projet6gutenberg\app\public/wp-content/themes/boris/css/theme.css in C:\Users\eslei\Local Sites\projet6gutenberg\app\public\wp-content\themes\boris\functions.php on line 7
[03-Jan-2023 12:43:27 UTC] PHP Warning:  filemtime(): stat failed for C:\Users\eslei\Local Sites\projet6gutenberg\app\public/wp-content/themes/boris/css/theme.css in C:\Users\eslei\Local Sites\projet6gutenberg\app\public\wp-content\themes\boris\functions.php on line 7
[03-Jan-2023 12:43:32 UTC] PHP Warning:  filemtime(): stat failed for C:\Users\eslei\Local Sites\projet6gutenberg\app\public/wp-content/themes/boris/css/theme.css in C:\Users\eslei\Local Sites\projet6gutenberg\app\public\wp-content\themes\boris\functions.php on line 7
[03-Jan-2023 12:43:35 UTC] PHP Warning:  filemtime(): stat failed for C:\Users\eslei\Local Sites\projet6gutenberg\app\public/wp-content/themes/boris/css/theme.css in C:\Users\eslei\Local Sites\projet6gutenberg\app\public\wp-content\themes\boris\functions.php on line 7
[03-Jan-2023 12:43:38 UTC] PHP Warning:  filemtime(): stat failed for C:\Users\eslei\Local Sites\projet6gutenberg\app\public/wp-content/themes/boris/css/theme.css in C:\Users\eslei\Local Sites\projet6gutenberg\app\public\wp-content\themes\boris\functions.php on line 7
[03-Jan-2023 12:43:42 UTC] PHP Warning:  filemtime(): stat failed for C:\Users\eslei\Local Sites\projet6gutenberg\app\public/wp-content/themes/boris/css/theme.css in C:\Users\eslei\Local Sites\projet6gutenberg\app\public\wp-content\themes\boris\functions.php on line 7
[03-Jan-2023 12:43:55 UTC] PHP Warning:  filemtime(): stat failed for C:\Users\eslei\Local Sites\projet6gutenberg\app\public/wp-content/themes/boris/css/theme.css in C:\Users\eslei\Local Sites\projet6gutenberg\app\public\wp-content\themes\boris\functions.php on line 7
[03-Jan-2023 12:43:55 UTC] PHP Warning:  filemtime(): stat failed for C:\Users\eslei\Local Sites\projet6gutenberg\app\public/wp-content/themes/boris/css/theme.css in C:\Users\eslei\Local Sites\projet6gutenberg\app\public\wp-content\themes\boris\functions.php on line 7
[03-Jan-2023 12:43:55 UTC] PHP Warning:  filemtime(): stat failed for C:\Users\eslei\Local Sites\projet6gutenberg\app\public/wp-content/themes/boris/css/theme.css in C:\Users\eslei\Local Sites\projet6gutenberg\app\public\wp-content\themes\boris\functions.php on line 7
[03-Jan-2023 12:43:55 UTC] PHP Warning:  filemtime(): stat failed for C:\Users\eslei\Local Sites\projet6gutenberg\app\public/wp-content/themes/boris/css/theme.css in C:\Users\eslei\Local Sites\projet6gutenberg\app\public\wp-content\themes\boris\functions.php on line 7
[03-Jan-2023 12:43:55 UTC] PHP Warning:  filemtime(): stat failed for C:\Users\eslei\Local Sites\projet6gutenberg\app\public/wp-content/themes/boris/css/theme.css in C:\Users\eslei\Local Sites\projet6gutenberg\app\public\wp-content\themes\boris\functions.php on line 7
[03-Jan-2023 12:44:47 UTC] PHP Warning:  filemtime(): stat failed for C:\Users\eslei\Local Sites\projet6gutenberg\app\public/wp-content/themes/boris/css/theme.css in C:\Users\eslei\Local Sites\projet6gutenberg\app\public\wp-content\themes\boris\functions.php on line 7
[03-Jan-2023 12:44:48 UTC] PHP Warning:  filemtime(): stat failed for C:\Users\eslei\Local Sites\projet6gutenberg\app\public/wp-content/themes/boris/css/theme.css in C:\Users\eslei\Local Sites\projet6gutenberg\app\public\wp-content\themes\boris\functions.php on line 7
[03-Jan-2023 12:44:48 UTC] PHP Warning:  filemtime(): stat failed for C:\Users\eslei\Local Sites\projet6gutenberg\app\public/wp-content/themes/boris/css/theme.css in C:\Users\eslei\Local Sites\projet6gutenberg\app\public\wp-content\themes\boris\functions.php on line 7
[03-Jan-2023 12:44:48 UTC] PHP Warning:  filemtime(): stat failed for C:\Users\eslei\Local Sites\projet6gutenberg\app\public/wp-content/themes/boris/css/theme.css in C:\Users\eslei\Local Sites\projet6gutenberg\app\public\wp-content\themes\boris\functions.php on line 7
[03-Jan-2023 12:44:48 UTC] PHP Warning:  filemtime(): stat failed for C:\Users\eslei\Local Sites\projet6gutenberg\app\public/wp-content/themes/boris/css/theme.css in C:\Users\eslei\Local Sites\projet6gutenberg\app\public\wp-content\themes\boris\functions.php on line 7
[03-Jan-2023 12:45:12 UTC] PHP Warning:  filemtime(): stat failed for C:\Users\eslei\Local Sites\projet6gutenberg\app\public/wp-content/themes/boris/css/theme.css in C:\Users\eslei\Local Sites\projet6gutenberg\app\public\wp-content\themes\boris\functions.php on line 7
[03-Jan-2023 12:45:12 UTC] PHP Warning:  filemtime(): stat failed for C:\Users\eslei\Local Sites\projet6gutenberg\app\public/wp-content/themes/boris/css/theme.css in C:\Users\eslei\Local Sites\projet6gutenberg\app\public\wp-content\themes\boris\functions.php on line 7
[03-Jan-2023 12:45:12 UTC] PHP Warning:  filemtime(): stat failed for C:\Users\eslei\Local Sites\projet6gutenberg\app\public/wp-content/themes/boris/css/theme.css in C:\Users\eslei\Local Sites\projet6gutenberg\app\public\wp-content\themes\boris\functions.php on line 7
[03-Jan-2023 12:45:12 UTC] PHP Warning:  filemtime(): stat failed for C:\Users\eslei\Local Sites\projet6gutenberg\app\public/wp-content/themes/boris/css/theme.css in C:\Users\eslei\Local Sites\projet6gutenberg\app\public\wp-content\themes\boris\functions.php on line 7
[03-Jan-2023 12:45:12 UTC] PHP Warning:  filemtime(): stat failed for C:\Users\eslei\Local Sites\projet6gutenberg\app\public/wp-content/themes/boris/css/theme.css in C:\Users\eslei\Local Sites\projet6gutenberg\app\public\wp-content\themes\boris\functions.php on line 7
[03-Jan-2023 12:46:04 UTC] PHP Warning:  filemtime(): stat failed for C:\Users\eslei\Local Sites\projet6gutenberg\app\public/wp-content/themes/boris/css/theme.css in C:\Users\eslei\Local Sites\projet6gutenberg\app\public\wp-content\themes\boris\functions.php on line 7
[03-Jan-2023 12:46:05 UTC] PHP Warning:  filemtime(): stat failed for C:\Users\eslei\Local Sites\projet6gutenberg\app\public/wp-content/themes/boris/css/theme.css in C:\Users\eslei\Local Sites\projet6gutenberg\app\public\wp-content\themes\boris\functions.php on line 7
[03-Jan-2023 12:46:05 UTC] PHP Warning:  filemtime(): stat failed for C:\Users\eslei\Local Sites\projet6gutenberg\app\public/wp-content/themes/boris/css/theme.css in C:\Users\eslei\Local Sites\projet6gutenberg\app\public\wp-content\themes\boris\functions.php on line 7
[03-Jan-2023 12:46:05 UTC] PHP Warning:  filemtime(): stat failed for C:\Users\eslei\Local Sites\projet6gutenberg\app\public/wp-content/themes/boris/css/theme.css in C:\Users\eslei\Local Sites\projet6gutenberg\app\public\wp-content\themes\boris\functions.php on line 7
[03-Jan-2023 12:46:05 UTC] PHP Warning:  filemtime(): stat failed for C:\Users\eslei\Local Sites\projet6gutenberg\app\public/wp-content/themes/boris/css/theme.css in C:\Users\eslei\Local Sites\projet6gutenberg\app\public\wp-content\themes\boris\functions.php on line 7
[03-Jan-2023 12:47:11 UTC] PHP Warning:  filemtime(): stat failed for C:\Users\eslei\Local Sites\projet6gutenberg\app\public/wp-content/themes/boris/css/theme.css in C:\Users\eslei\Local Sites\projet6gutenberg\app\public\wp-content\themes\boris\functions.php on line 7
[03-Jan-2023 12:47:12 UTC] PHP Warning:  filemtime(): stat failed for C:\Users\eslei\Local Sites\projet6gutenberg\app\public/wp-content/themes/boris/css/theme.css in C:\Users\eslei\Local Sites\projet6gutenberg\app\public\wp-content\themes\boris\functions.php on line 7
[03-Jan-2023 12:47:12 UTC] PHP Warning:  filemtime(): stat failed for C:\Users\eslei\Local Sites\projet6gutenberg\app\public/wp-content/themes/boris/css/theme.css in C:\Users\eslei\Local Sites\projet6gutenberg\app\public\wp-content\themes\boris\functions.php on line 7
[03-Jan-2023 12:47:12 UTC] PHP Warning:  filemtime(): stat failed for C:\Users\eslei\Local Sites\projet6gutenberg\app\public/wp-content/themes/boris/css/theme.css in C:\Users\eslei\Local Sites\projet6gutenberg\app\public\wp-content\themes\boris\functions.php on line 7
[03-Jan-2023 12:47:12 UTC] PHP Warning:  filemtime(): stat failed for C:\Users\eslei\Local Sites\projet6gutenberg\app\public/wp-content/themes/boris/css/theme.css in C:\Users\eslei\Local Sites\projet6gutenberg\app\public\wp-content\themes\boris\functions.php on line 7
[03-Jan-2023 12:47:47 UTC] PHP Warning:  filemtime(): stat failed for C:\Users\eslei\Local Sites\projet6gutenberg\app\public/wp-content/themes/boris/css/theme.css in C:\Users\eslei\Local Sites\projet6gutenberg\app\public\wp-content\themes\boris\functions.php on line 7
[03-Jan-2023 12:47:48 UTC] PHP Warning:  filemtime(): stat failed for C:\Users\eslei\Local Sites\projet6gutenberg\app\public/wp-content/themes/boris/css/theme.css in C:\Users\eslei\Local Sites\projet6gutenberg\app\public\wp-content\themes\boris\functions.php on line 7
[03-Jan-2023 12:47:48 UTC] PHP Warning:  filemtime(): stat failed for C:\Users\eslei\Local Sites\projet6gutenberg\app\public/wp-content/themes/boris/css/theme.css in C:\Users\eslei\Local Sites\projet6gutenberg\app\public\wp-content\themes\boris\functions.php on line 7
[03-Jan-2023 12:47:48 UTC] PHP Warning:  filemtime(): stat failed for C:\Users\eslei\Local Sites\projet6gutenberg\app\public/wp-content/themes/boris/css/theme.css in C:\Users\eslei\Local Sites\projet6gutenberg\app\public\wp-content\themes\boris\functions.php on line 7
[03-Jan-2023 12:47:48 UTC] PHP Warning:  filemtime(): stat failed for C:\Users\eslei\Local Sites\projet6gutenberg\app\public/wp-content/themes/boris/css/theme.css in C:\Users\eslei\Local Sites\projet6gutenberg\app\public\wp-content\themes\boris\functions.php on line 7
[03-Jan-2023 12:48:23 UTC] PHP Warning:  filemtime(): stat failed for C:\Users\eslei\Local Sites\projet6gutenberg\app\public/wp-content/themes/boris/css/theme.css in C:\Users\eslei\Local Sites\projet6gutenberg\app\public\wp-content\themes\boris\functions.php on line 7
[03-Jan-2023 12:48:23 UTC] PHP Warning:  filemtime(): stat failed for C:\Users\eslei\Local Sites\projet6gutenberg\app\public/wp-content/themes/boris/css/theme.css in C:\Users\eslei\Local Sites\projet6gutenberg\app\public\wp-content\themes\boris\functions.php on line 7
[03-Jan-2023 12:48:23 UTC] PHP Warning:  filemtime(): stat failed for C:\Users\eslei\Local Sites\projet6gutenberg\app\public/wp-content/themes/boris/css/theme.css in C:\Users\eslei\Local Sites\projet6gutenberg\app\public\wp-content\themes\boris\functions.php on line 7
[03-Jan-2023 12:48:23 UTC] PHP Warning:  filemtime(): stat failed for C:\Users\eslei\Local Sites\projet6gutenberg\app\public/wp-content/themes/boris/css/theme.css in C:\Users\eslei\Local Sites\projet6gutenberg\app\public\wp-content\themes\boris\functions.php on line 7
[03-Jan-2023 12:48:23 UTC] PHP Warning:  filemtime(): stat failed for C:\Users\eslei\Local Sites\projet6gutenberg\app\public/wp-content/themes/boris/css/theme.css in C:\Users\eslei\Local Sites\projet6gutenberg\app\public\wp-content\themes\boris\functions.php on line 7
[03-Jan-2023 12:50:39 UTC] PHP Warning:  filemtime(): stat failed for C:\Users\eslei\Local Sites\projet6gutenberg\app\public/wp-content/themes/boris/css/theme.css in C:\Users\eslei\Local Sites\projet6gutenberg\app\public\wp-content\themes\boris\functions.php on line 7
[03-Jan-2023 12:50:40 UTC] PHP Warning:  filemtime(): stat failed for C:\Users\eslei\Local Sites\projet6gutenberg\app\public/wp-content/themes/boris/css/theme.css in C:\Users\eslei\Local Sites\projet6gutenberg\app\public\wp-content\themes\boris\functions.php on line 7
[03-Jan-2023 12:50:40 UTC] PHP Warning:  filemtime(): stat failed for C:\Users\eslei\Local Sites\projet6gutenberg\app\public/wp-content/themes/boris/css/theme.css in C:\Users\eslei\Local Sites\projet6gutenberg\app\public\wp-content\themes\boris\functions.php on line 7
[03-Jan-2023 12:50:40 UTC] PHP Warning:  filemtime(): stat failed for C:\Users\eslei\Local Sites\projet6gutenberg\app\public/wp-content/themes/boris/css/theme.css in C:\Users\eslei\Local Sites\projet6gutenberg\app\public\wp-content\themes\boris\functions.php on line 7
[03-Jan-2023 12:50:40 UTC] PHP Warning:  filemtime(): stat failed for C:\Users\eslei\Local Sites\projet6gutenberg\app\public/wp-content/themes/boris/css/theme.css in C:\Users\eslei\Local Sites\projet6gutenberg\app\public\wp-content\themes\boris\functions.php on line 7
[03-Jan-2023 12:53:25 UTC] PHP Warning:  filemtime(): stat failed for C:\Users\eslei\Local Sites\projet6gutenberg\app\public/wp-content/themes/boris/css/theme.css in C:\Users\eslei\Local Sites\projet6gutenberg\app\public\wp-content\themes\boris\functions.php on line 7
[03-Jan-2023 12:53:26 UTC] PHP Warning:  filemtime(): stat failed for C:\Users\eslei\Local Sites\projet6gutenberg\app\public/wp-content/themes/boris/css/theme.css in C:\Users\eslei\Local Sites\projet6gutenberg\app\public\wp-content\themes\boris\functions.php on line 7
[03-Jan-2023 12:53:26 UTC] PHP Warning:  filemtime(): stat failed for C:\Users\eslei\Local Sites\projet6gutenberg\app\public/wp-content/themes/boris/css/theme.css in C:\Users\eslei\Local Sites\projet6gutenberg\app\public\wp-content\themes\boris\functions.php on line 7
[03-Jan-2023 12:53:27 UTC] PHP Warning:  filemtime(): stat failed for C:\Users\eslei\Local Sites\projet6gutenberg\app\public/wp-content/themes/boris/css/theme.css in C:\Users\eslei\Local Sites\projet6gutenberg\app\public\wp-content\themes\boris\functions.php on line 7
[03-Jan-2023 12:53:27 UTC] PHP Warning:  filemtime(): stat failed for C:\Users\eslei\Local Sites\projet6gutenberg\app\public/wp-content/themes/boris/css/theme.css in C:\Users\eslei\Local Sites\projet6gutenberg\app\public\wp-content\themes\boris\functions.php on line 7
[03-Jan-2023 12:53:42 UTC] PHP Warning:  filemtime(): stat failed for C:\Users\eslei\Local Sites\projet6gutenberg\app\public/wp-content/themes/boris/css/theme.css in C:\Users\eslei\Local Sites\projet6gutenberg\app\public\wp-content\themes\boris\functions.php on line 7
[03-Jan-2023 12:53:42 UTC] PHP Warning:  filemtime(): stat failed for C:\Users\eslei\Local Sites\projet6gutenberg\app\public/wp-content/themes/boris/css/theme.css in C:\Users\eslei\Local Sites\projet6gutenberg\app\public\wp-content\themes\boris\functions.php on line 7
[03-Jan-2023 12:53:42 UTC] PHP Warning:  filemtime(): stat failed for C:\Users\eslei\Local Sites\projet6gutenberg\app\public/wp-content/themes/boris/css/theme.css in C:\Users\eslei\Local Sites\projet6gutenberg\app\public\wp-content\themes\boris\functions.php on line 7
[03-Jan-2023 12:53:42 UTC] PHP Warning:  filemtime(): stat failed for C:\Users\eslei\Local Sites\projet6gutenberg\app\public/wp-content/themes/boris/css/theme.css in C:\Users\eslei\Local Sites\projet6gutenberg\app\public\wp-content\themes\boris\functions.php on line 7
[03-Jan-2023 12:53:43 UTC] PHP Warning:  filemtime(): stat failed for C:\Users\eslei\Local Sites\projet6gutenberg\app\public/wp-content/themes/boris/css/theme.css in C:\Users\eslei\Local Sites\projet6gutenberg\app\public\wp-content\themes\boris\functions.php on line 7
[03-Jan-2023 12:54:22 UTC] PHP Warning:  filemtime(): stat failed for C:\Users\eslei\Local Sites\projet6gutenberg\app\public/wp-content/themes/boris/css/theme.css in C:\Users\eslei\Local Sites\projet6gutenberg\app\public\wp-content\themes\boris\functions.php on line 7
[03-Jan-2023 12:54:22 UTC] PHP Warning:  filemtime(): stat failed for C:\Users\eslei\Local Sites\projet6gutenberg\app\public/wp-content/themes/boris/css/theme.css in C:\Users\eslei\Local Sites\projet6gutenberg\app\public\wp-content\themes\boris\functions.php on line 7
[03-Jan-2023 12:54:22 UTC] PHP Warning:  filemtime(): stat failed for C:\Users\eslei\Local Sites\projet6gutenberg\app\public/wp-content/themes/boris/css/theme.css in C:\Users\eslei\Local Sites\projet6gutenberg\app\public\wp-content\themes\boris\functions.php on line 7
[03-Jan-2023 12:54:22 UTC] PHP Warning:  filemtime(): stat failed for C:\Users\eslei\Local Sites\projet6gutenberg\app\public/wp-content/themes/boris/css/theme.css in C:\Users\eslei\Local Sites\projet6gutenberg\app\public\wp-content\themes\boris\functions.php on line 7
[03-Jan-2023 12:54:23 UTC] PHP Warning:  filemtime(): stat failed for C:\Users\eslei\Local Sites\projet6gutenberg\app\public/wp-content/themes/boris/css/theme.css in C:\Users\eslei\Local Sites\projet6gutenberg\app\public\wp-content\themes\boris\functions.php on line 7
[03-Jan-2023 12:55:15 UTC] PHP Warning:  filemtime(): stat failed for C:\Users\eslei\Local Sites\projet6gutenberg\app\public/wp-content/themes/boris/css/theme.css in C:\Users\eslei\Local Sites\projet6gutenberg\app\public\wp-content\themes\boris\functions.php on line 7
[03-Jan-2023 12:55:15 UTC] PHP Warning:  filemtime(): stat failed for C:\Users\eslei\Local Sites\projet6gutenberg\app\public/wp-content/themes/boris/css/theme.css in C:\Users\eslei\Local Sites\projet6gutenberg\app\public\wp-content\themes\boris\functions.php on line 7
[03-Jan-2023 12:55:15 UTC] PHP Warning:  filemtime(): stat failed for C:\Users\eslei\Local Sites\projet6gutenberg\app\public/wp-content/themes/boris/css/theme.css in C:\Users\eslei\Local Sites\projet6gutenberg\app\public\wp-content\themes\boris\functions.php on line 7
[03-Jan-2023 12:55:15 UTC] PHP Warning:  filemtime(): stat failed for C:\Users\eslei\Local Sites\projet6gutenberg\app\public/wp-content/themes/boris/css/theme.css in C:\Users\eslei\Local Sites\projet6gutenberg\app\public\wp-content\themes\boris\functions.php on line 7
[03-Jan-2023 12:55:16 UTC] PHP Warning:  filemtime(): stat failed for C:\Users\eslei\Local Sites\projet6gutenberg\app\public/wp-content/themes/boris/css/theme.css in C:\Users\eslei\Local Sites\projet6gutenberg\app\public\wp-content\themes\boris\functions.php on line 7
[03-Jan-2023 12:57:23 UTC] PHP Warning:  filemtime(): stat failed for C:\Users\eslei\Local Sites\projet6gutenberg\app\public/wp-content/themes/boris/css/theme.css in C:\Users\eslei\Local Sites\projet6gutenberg\app\public\wp-content\themes\boris\functions.php on line 7
[03-Jan-2023 12:57:23 UTC] PHP Warning:  filemtime(): stat failed for C:\Users\eslei\Local Sites\projet6gutenberg\app\public/wp-content/themes/boris/css/theme.css in C:\Users\eslei\Local Sites\projet6gutenberg\app\public\wp-content\themes\boris\functions.php on line 7
[03-Jan-2023 12:57:23 UTC] PHP Warning:  filemtime(): stat failed for C:\Users\eslei\Local Sites\projet6gutenberg\app\public/wp-content/themes/boris/css/theme.css in C:\Users\eslei\Local Sites\projet6gutenberg\app\public\wp-content\themes\boris\functions.php on line 7
[03-Jan-2023 12:57:23 UTC] PHP Warning:  filemtime(): stat failed for C:\Users\eslei\Local Sites\projet6gutenberg\app\public/wp-content/themes/boris/css/theme.css in C:\Users\eslei\Local Sites\projet6gutenberg\app\public\wp-content\themes\boris\functions.php on line 7
[03-Jan-2023 12:57:24 UTC] PHP Warning:  filemtime(): stat failed for C:\Users\eslei\Local Sites\projet6gutenberg\app\public/wp-content/themes/boris/css/theme.css in C:\Users\eslei\Local Sites\projet6gutenberg\app\public\wp-content\themes\boris\functions.php on line 7
[03-Jan-2023 15:37:19 UTC] WordPress database error Deadlock found when trying to get lock; try restarting transaction for query DELETE FROM `wp_options` WHERE `option_name` = '_transient_timeout_global_styles_boris' made by require('wp-blog-header.php'), require_once('wp-includes/template-loader.php'), include('/themes/seedlet/404.php'), get_header, locate_template, load_template, require_once('/themes/boris/header.php'), wp_head, do_action('wp_head'), WP_Hook->do_action, WP_Hook->apply_filters, wp_enqueue_scripts, do_action('wp_enqueue_scripts'), WP_Hook->do_action, WP_Hook->apply_filters, wp_enqueue_global_styles, wp_get_global_stylesheet, get_transient, delete_option
[04-Jan-2023 17:27:51 UTC] PHP Warning:  filemtime(): stat failed for C:\Users\eslei\Local Sites\projet6gutenberg\app\public/wp-content/themes/boris/assets/css/theme.css in C:\Users\eslei\Local Sites\projet6gutenberg\app\public\wp-content\themes\boris\functions.php on line 7
[04-Jan-2023 17:27:51 UTC] PHP Warning:  filemtime(): stat failed for C:\Users\eslei\Local Sites\projet6gutenberg\app\public/wp-content/themes/boris/assets/css/theme.css in C:\Users\eslei\Local Sites\projet6gutenberg\app\public\wp-content\themes\boris\functions.php on line 7
[04-Jan-2023 17:27:51 UTC] PHP Warning:  filemtime(): stat failed for C:\Users\eslei\Local Sites\projet6gutenberg\app\public/wp-content/themes/boris/assets/css/theme.css in C:\Users\eslei\Local Sites\projet6gutenberg\app\public\wp-content\themes\boris\functions.php on line 7
[04-Jan-2023 17:27:51 UTC] PHP Warning:  filemtime(): stat failed for C:\Users\eslei\Local Sites\projet6gutenberg\app\public/wp-content/themes/boris/assets/css/theme.css in C:\Users\eslei\Local Sites\projet6gutenberg\app\public\wp-content\themes\boris\functions.php on line 7
[04-Jan-2023 17:27:51 UTC] PHP Warning:  filemtime(): stat failed for C:\Users\eslei\Local Sites\projet6gutenberg\app\public/wp-content/themes/boris/assets/css/theme.css in C:\Users\eslei\Local Sites\projet6gutenberg\app\public\wp-content\themes\boris\functions.php on line 7
[04-Jan-2023 17:27:52 UTC] PHP Warning:  filemtime(): stat failed for C:\Users\eslei\Local Sites\projet6gutenberg\app\public/wp-content/themes/boris/assets/css/theme.css in C:\Users\eslei\Local Sites\projet6gutenberg\app\public\wp-content\themes\boris\functions.php on line 7
[04-Jan-2023 17:29:46 UTC] PHP Warning:  filemtime(): stat failed for C:\Users\eslei\Local Sites\projet6gutenberg\app\public/wp-content/themes/boris/assets/css/theme.css in C:\Users\eslei\Local Sites\projet6gutenberg\app\public\wp-content\themes\boris\functions.php on line 7
[04-Jan-2023 17:29:47 UTC] PHP Warning:  filemtime(): stat failed for C:\Users\eslei\Local Sites\projet6gutenberg\app\public/wp-content/themes/boris/assets/css/theme.css in C:\Users\eslei\Local Sites\projet6gutenberg\app\public\wp-content\themes\boris\functions.php on line 7
[04-Jan-2023 17:29:47 UTC] PHP Warning:  filemtime(): stat failed for C:\Users\eslei\Local Sites\projet6gutenberg\app\public/wp-content/themes/boris/assets/css/theme.css in C:\Users\eslei\Local Sites\projet6gutenberg\app\public\wp-content\themes\boris\functions.php on line 7
[04-Jan-2023 17:29:47 UTC] PHP Warning:  filemtime(): stat failed for C:\Users\eslei\Local Sites\projet6gutenberg\app\public/wp-content/themes/boris/assets/css/theme.css in C:\Users\eslei\Local Sites\projet6gutenberg\app\public\wp-content\themes\boris\functions.php on line 7
[04-Jan-2023 17:29:47 UTC] PHP Warning:  filemtime(): stat failed for C:\Users\eslei\Local Sites\projet6gutenberg\app\public/wp-content/themes/boris/assets/css/theme.css in C:\Users\eslei\Local Sites\projet6gutenberg\app\public\wp-content\themes\boris\functions.php on line 7
[04-Jan-2023 17:32:22 UTC] PHP Warning:  filemtime(): stat failed for C:\Users\eslei\Local Sites\projet6gutenberg\app\public/wp-content/themes/boris/assets/css/theme.css in C:\Users\eslei\Local Sites\projet6gutenberg\app\public\wp-content\themes\boris\functions.php on line 7
[04-Jan-2023 17:32:23 UTC] PHP Warning:  filemtime(): stat failed for C:\Users\eslei\Local Sites\projet6gutenberg\app\public/wp-content/themes/boris/assets/css/theme.css in C:\Users\eslei\Local Sites\projet6gutenberg\app\public\wp-content\themes\boris\functions.php on line 7
[04-Jan-2023 17:32:23 UTC] PHP Warning:  filemtime(): stat failed for C:\Users\eslei\Local Sites\projet6gutenberg\app\public/wp-content/themes/boris/assets/css/theme.css in C:\Users\eslei\Local Sites\projet6gutenberg\app\public\wp-content\themes\boris\functions.php on line 7
[04-Jan-2023 17:32:23 UTC] PHP Warning:  filemtime(): stat failed for C:\Users\eslei\Local Sites\projet6gutenberg\app\public/wp-content/themes/boris/assets/css/theme.css in C:\Users\eslei\Local Sites\projet6gutenberg\app\public\wp-content\themes\boris\functions.php on line 7
[04-Jan-2023 17:32:23 UTC] PHP Warning:  filemtime(): stat failed for C:\Users\eslei\Local Sites\projet6gutenberg\app\public/wp-content/themes/boris/assets/css/theme.css in C:\Users\eslei\Local Sites\projet6gutenberg\app\public\wp-content\themes\boris\functions.php on line 7
[04-Jan-2023 17:33:16 UTC] PHP Warning:  filemtime(): stat failed for C:\Users\eslei\Local Sites\projet6gutenberg\app\public/wp-content/themes/boris/assets/css/theme.css in C:\Users\eslei\Local Sites\projet6gutenberg\app\public\wp-content\themes\boris\functions.php on line 7
[04-Jan-2023 17:33:16 UTC] PHP Warning:  filemtime(): stat failed for C:\Users\eslei\Local Sites\projet6gutenberg\app\public/wp-content/themes/boris/assets/css/theme.css in C:\Users\eslei\Local Sites\projet6gutenberg\app\public\wp-content\themes\boris\functions.php on line 7
[04-Jan-2023 17:33:16 UTC] PHP Warning:  filemtime(): stat failed for C:\Users\eslei\Local Sites\projet6gutenberg\app\public/wp-content/themes/boris/assets/css/theme.css in C:\Users\eslei\Local Sites\projet6gutenberg\app\public\wp-content\themes\boris\functions.php on line 7
[04-Jan-2023 17:33:17 UTC] PHP Warning:  filemtime(): stat failed for C:\Users\eslei\Local Sites\projet6gutenberg\app\public/wp-content/themes/boris/assets/css/theme.css in C:\Users\eslei\Local Sites\projet6gutenberg\app\public\wp-content\themes\boris\functions.php on line 7
[04-Jan-2023 17:33:17 UTC] PHP Warning:  filemtime(): stat failed for C:\Users\eslei\Local Sites\projet6gutenberg\app\public/wp-content/themes/boris/assets/css/theme.css in C:\Users\eslei\Local Sites\projet6gutenberg\app\public\wp-content\themes\boris\functions.php on line 7
[04-Jan-2023 17:33:41 UTC] PHP Warning:  filemtime(): stat failed for C:\Users\eslei\Local Sites\projet6gutenberg\app\public/wp-content/themes/boris/assets/css/theme.css in C:\Users\eslei\Local Sites\projet6gutenberg\app\public\wp-content\themes\boris\functions.php on line 7
[04-Jan-2023 17:33:43 UTC] PHP Warning:  filemtime(): stat failed for C:\Users\eslei\Local Sites\projet6gutenberg\app\public/wp-content/themes/boris/assets/css/theme.css in C:\Users\eslei\Local Sites\projet6gutenberg\app\public\wp-content\themes\boris\functions.php on line 7
[04-Jan-2023 17:33:43 UTC] PHP Warning:  filemtime(): stat failed for C:\Users\eslei\Local Sites\projet6gutenberg\app\public/wp-content/themes/boris/assets/css/theme.css in C:\Users\eslei\Local Sites\projet6gutenberg\app\public\wp-content\themes\boris\functions.php on line 7
[08-Jan-2023 11:57:41 UTC] Erreur d’événement de replanification de tâche pour le crochet wp_privacy_delete_old_export_files. Code d’erreur : could_not_set. Message d’erreur : La liste des évènements planifiés n’a pas pu être sauvegardée.. Données : {"schedule":"hourly","args":[],"interval":3600}
[16-Jan-2023 10:46:16 UTC] Erreur d’événement de replanification de tâche pour le crochet wp_update_themes. Code d’erreur : could_not_set. Message d’erreur : La liste des évènements planifiés n’a pas pu être sauvegardée.. Données : {"schedule":"twicedaily","args":[],"interval":43200}
[19-Jan-2023 10:35:03 UTC] Erreur d’événement de replanification de tâche pour le crochet wp_privacy_delete_old_export_files. Code d’erreur : could_not_set. Message d’erreur : La liste des évènements planifiés n’a pas pu être sauvegardée.. Données : {"schedule":"hourly","args":[],"interval":3600}
